0 info it worked if it ends with ok
1 verbose cli [ '/usr/local/bin/node', '/usr/local/bin/npm', 'install' ]
2 info using npm@3.0.0
3 info using node@v5.2.0
4 silly loadCurrentTree Starting
5 silly install loadCurrentTree
6 silly install readLocalPackageData
7 error install Couldn't read dependencies
8 silly rollbackFailedOptional Starting
9 silly rollbackFailedOptional Finishing
10 silly runTopLevelLifecycles Starting
11 silly runTopLevelLifecycles Finishing
12 silly install printInstalled
13 verbose stack Error: ENOENT, open '/Users/dsroden/Documents/code/mform/package.json'
13 verbose stack     at /usr/local/lib/node_modules/npm/lib/install.js:515:18
13 verbose stack     at /usr/local/lib/node_modules/npm/node_modules/iferr/index.js:13:50
13 verbose stack     at /usr/local/lib/node_modules/npm/node_modules/read-package-tree/rpt.js:179:9
13 verbose stack     at f (/usr/local/lib/node_modules/npm/node_modules/once/once.js:17:25)
13 verbose stack     at /usr/local/lib/node_modules/npm/node_modules/read-package-tree/rpt.js:156:25
13 verbose stack     at f (/usr/local/lib/node_modules/npm/node_modules/once/once.js:17:25)
13 verbose stack     at /usr/local/lib/node_modules/npm/node_modules/read-package-tree/rpt.js:102:20
13 verbose stack     at /usr/local/lib/node_modules/npm/node_modules/readdir-scoped-modules/readdir.js:12:14
13 verbose stack     at ReaddirReq.Req.done (/usr/local/lib/node_modules/npm/node_modules/graceful-fs/graceful-fs.js:141:5)
13 verbose stack     at ReaddirReq.done (/usr/local/lib/node_modules/npm/node_modules/graceful-fs/graceful-fs.js:88:22)
14 verbose cwd /Users/dsroden/Documents/code/mform
15 error Darwin 15.4.0
16 error argv "/usr/local/bin/node" "/usr/local/bin/npm" "install"
17 error node v5.2.0
18 error npm  v3.0.0
19 error code ENOPACKAGEJSON
20 error errno 34
21 error package.json ENOENT, open '/Users/dsroden/Documents/code/mform/package.json'
21 error package.json This is most likely not a problem with npm itself.
21 error package.json npm can't find a package.json file in your current directory.
22 verbose exit [ 34, true ]
